2021-01-21 21:48:12.306  INFO 1632 --- [main] com.Donor.DonorApplication               : Starting DonorApplication using Java 14.0.2 on LAPTOP-DPT4DKC2 with PID 1632 (C:\Users\vasuvaddi123\eclipse-workspace\Donor\target\classes started by vasuvaddi123 in C:\Users\vasuvaddi123\eclipse-workspace\Donor)
2021-01-21 21:48:12.321  INFO 1632 --- [main] com.Donor.DonorApplication               : No active profile set, falling back to default profiles: default
2021-01-21 21:48:14.459  INFO 1632 --- [main] .s.d.r.c.RepositoryConfigurationDelegate : Bootstrapping Spring Data JPA repositories in DEFAULT mode.
2021-01-21 21:48:14.620  INFO 1632 --- [main] .s.d.r.c.RepositoryConfigurationDelegate : Finished Spring Data repository scanning in 109 ms. Found 1 JPA repository interfaces.
2021-01-21 21:48:16.208  INFO 1632 --- [main] o.s.b.w.embedded.tomcat.TomcatWebServer  : Tomcat initialized with port(s): 9090 (http)
2021-01-21 21:48:16.237  INFO 1632 --- [main] o.apache.catalina.core.StandardService   : Starting service [Tomcat]
2021-01-21 21:48:16.238  INFO 1632 --- [main] org.apache.catalina.core.StandardEngine  : Starting Servlet engine: [Apache Tomcat/9.0.41]
2021-01-21 21:48:16.241  INFO 1632 --- [main] o.a.catalina.core.AprLifecycleListener   : Loaded Apache Tomcat Native library [1.2.25] using APR version [1.7.0].
2021-01-21 21:48:16.242  INFO 1632 --- [main] o.a.catalina.core.AprLifecycleListener   : APR capabilities: IPv6 [true], sendfile [true], accept filters [false], random [true].
2021-01-21 21:48:16.243  INFO 1632 --- [main] o.a.catalina.core.AprLifecycleListener   : APR/OpenSSL configuration: useAprConnector [false], useOpenSSL [true]
2021-01-21 21:48:16.249  INFO 1632 --- [main] o.a.catalina.core.AprLifecycleListener   : OpenSSL successfully initialized [OpenSSL 1.1.1g  21 Apr 2020]
2021-01-21 21:48:16.545  INFO 1632 --- [main] o.a.c.c.C.[Tomcat].[localhost].[/]       : Initializing Spring embedded WebApplicationContext
2021-01-21 21:48:16.546  INFO 1632 --- [main] w.s.c.ServletWebServerApplicationContext : Root WebApplicationContext: initialization completed in 4044 ms
2021-01-21 21:48:17.033  INFO 1632 --- [main] o.hibernate.jpa.internal.util.LogHelper  : HHH000204: Processing PersistenceUnitInfo [name: default]
2021-01-21 21:48:17.208  INFO 1632 --- [main] org.hibernate.Version                    : HHH000412: Hibernate ORM core version 5.4.27.Final
2021-01-21 21:48:17.733  INFO 1632 --- [main] o.hibernate.annotations.common.Version   : HCANN000001: Hibernate Commons Annotations {5.1.2.Final}
2021-01-21 21:48:18.063  INFO 1632 --- [main] com.zaxxer.hikari.HikariDataSource       : HikariPool-1 - Starting...
2021-01-21 21:48:18.980  INFO 1632 --- [main] com.zaxxer.hikari.HikariDataSource       : HikariPool-1 - Start completed.
2021-01-21 21:48:19.025  INFO 1632 --- [main] org.hibernate.dialect.Dialect            : HHH000400: Using dialect: org.hibernate.dialect.MySQL5InnoDBDialect
2021-01-21 21:48:21.195  INFO 1632 --- [main] o.h.e.t.j.p.i.JtaPlatformInitiator       : HHH000490: Using JtaPlatform implementation: [org.hibernate.engine.transaction.jta.platform.internal.NoJtaPlatform]
2021-01-21 21:48:21.219  INFO 1632 --- [main] j.LocalContainerEntityManagerFactoryBean : Initialized JPA EntityManagerFactory for persistence unit 'default'
2021-01-21 21:48:22.249  WARN 1632 --- [main] JpaBaseConfiguration$JpaWebConfiguration : spring.jpa.open-in-view is enabled by default. Therefore, database queries may be performed during view rendering. Explicitly configure spring.jpa.open-in-view to disable this warning
2021-01-21 21:48:22.498  INFO 1632 --- [main] o.s.s.concurrent.ThreadPoolTaskExecutor  : Initializing ExecutorService 'applicationTaskExecutor'
2021-01-21 21:48:23.072  INFO 1632 --- [main] o.s.b.w.embedded.tomcat.TomcatWebServer  : Tomcat started on port(s): 9090 (http) with context path ''
2021-01-21 21:48:23.090  INFO 1632 --- [main] com.Donor.DonorApplication               : Started DonorApplication in 11.994 seconds (JVM running for 13.333)
2021-01-21 21:57:23.068  INFO 1632 --- [http-nio-9090-exec-1] o.a.c.c.C.[Tomcat].[localhost].[/]       : Initializing Spring DispatcherServlet 'dispatcherServlet'
2021-01-21 21:57:23.069  INFO 1632 --- [http-nio-9090-exec-1] o.s.web.servlet.DispatcherServlet        : Initializing Servlet 'dispatcherServlet'
2021-01-21 21:57:23.071  INFO 1632 --- [http-nio-9090-exec-1] o.s.web.servlet.DispatcherServlet        : Completed initialization in 2 ms
